2022-03-28 16:05:22.818 [main] INFO  com.ldmzw.demo.log4j2.Application 55 Starting Application using Java 11.0.8 on victor with PID 9592 (D:\victor\git\study\hexo\source\_posts\log-log4j2\code\target\classes started by Administrator in D:\victor\git\study\hexo\source\_posts\log-log4j2\code)
2022-03-28 16:05:23.035 [main] INFO  com.ldmzw.demo.log4j2.Application 640 No active profile set, falling back to 1 default profile: "default"
2022-03-28 16:05:26.858 [main] INFO  org.springframework.boot.web.embedded.tomcat.TomcatWebServer 108 Tomcat initialized with port(s): 8080 (http)
2022-03-28 16:05:26.905 [main] INFO  org.apache.coyote.http11.Http11NioProtocol 173 Initializing ProtocolHandler ["http-nio-8080"]
2022-03-28 16:05:26.905 [main] INFO  org.apache.catalina.core.StandardService 173 Starting service [Tomcat]
2022-03-28 16:05:26.905 [main] INFO  org.apache.catalina.core.StandardEngine 173 Starting Servlet engine: [Apache Tomcat/9.0.58]
2022-03-28 16:05:27.139 [main] INFO  org.apache.catalina.core.ContainerBase.[Tomcat].[localhost].[/] 173 Initializing Spring embedded WebApplicationContext
2022-03-28 16:05:27.139 [main] INFO  org.springframework.boot.web.servlet.context.ServletWebServerApplicationContext 290 Root WebApplicationContext: initialization completed in 3344 ms
2022-03-28 16:05:27.997 [main] INFO  org.apache.coyote.http11.Http11NioProtocol 173 Starting ProtocolHandler ["http-nio-8080"]
2022-03-28 16:05:28.060 [main] INFO  org.springframework.boot.web.embedded.tomcat.TomcatWebServer 220 Tomcat started on port(s): 8080 (http) with context path ''
2022-03-28 16:05:28.091 [main] INFO  com.ldmzw.demo.log4j2.Application 61 Started Application in 7.581 seconds (JVM running for 12.084)
2022-03-28 16:05:53.752 [http-nio-8080-exec-1] INFO  org.apache.catalina.core.ContainerBase.[Tomcat].[localhost].[/] 173 Initializing Spring DispatcherServlet 'dispatcherServlet'
2022-03-28 16:05:53.753 [http-nio-8080-exec-1] INFO  org.springframework.web.servlet.DispatcherServlet 525 Initializing Servlet 'dispatcherServlet'
2022-03-28 16:05:53.754 [http-nio-8080-exec-1] INFO  org.springframework.web.servlet.DispatcherServlet 547 Completed initialization in 1 ms
2022-03-28 16:05:54.010 [http-nio-8080-exec-1] INFO  com.ldmzw.demo.log4j2.controller.TestController 68 level is: info
2022-03-28 16:05:54.010 [http-nio-8080-exec-1] WARN  com.ldmzw.demo.log4j2.controller.TestController 69 level is: warn
2022-03-28 16:05:54.013 [http-nio-8080-exec-1] ERROR com.ldmzw.demo.log4j2.controller.TestController 70 level is: error
2022-03-28 16:06:52.133 [http-nio-8080-exec-8] INFO  com.ldmzw.demo.log4j2.controller.TestController 31 修改日志等级：com.ldmzw.demo.log4j2 debug
2022-03-28 16:07:03.109 [http-nio-8080-exec-2] INFO  com.ldmzw.demo.log4j2.controller.TestController 68 level is: info
2022-03-28 16:07:03.109 [http-nio-8080-exec-2] WARN  com.ldmzw.demo.log4j2.controller.TestController 69 level is: warn
2022-03-28 16:07:03.109 [http-nio-8080-exec-2] ERROR com.ldmzw.demo.log4j2.controller.TestController 70 level is: error
2022-03-28 16:08:45.521 [http-nio-8080-exec-4] WARN  com.ldmzw.demo.log4j2.controller.TestController 69 level is: warn
2022-03-28 16:08:45.537 [http-nio-8080-exec-4] ERROR com.ldmzw.demo.log4j2.controller.TestController 70 level is: error
2022-03-28 16:10:07.928 [http-nio-8080-exec-7] WARN  com.ldmzw.demo.log4j2.controller.TestController 69 level is: warn
2022-03-28 16:10:07.932 [http-nio-8080-exec-7] ERROR com.ldmzw.demo.log4j2.controller.TestController 70 level is: error
2022-03-28 16:10:38.697 [main] INFO  com.ldmzw.demo.log4j2.Application 55 Starting Application using Java 11.0.8 on victor with PID 4028 (D:\victor\git\study\hexo\source\_posts\log-log4j2\code\target\classes started by Administrator in D:\victor\git\study\hexo\source\_posts\log-log4j2\code)
2022-03-28 16:10:38.729 [main] INFO  com.ldmzw.demo.log4j2.Application 640 No active profile set, falling back to 1 default profile: "default"
2022-03-28 16:10:40.556 [main] INFO  org.springframework.boot.web.embedded.tomcat.TomcatWebServer 108 Tomcat initialized with port(s): 8080 (http)
2022-03-28 16:10:40.587 [main] INFO  org.apache.coyote.http11.Http11NioProtocol 173 Initializing ProtocolHandler ["http-nio-8080"]
2022-03-28 16:10:40.587 [main] INFO  org.apache.catalina.core.StandardService 173 Starting service [Tomcat]
2022-03-28 16:10:40.603 [main] INFO  org.apache.catalina.core.StandardEngine 173 Starting Servlet engine: [Apache Tomcat/9.0.58]
2022-03-28 16:10:40.759 [main] INFO  org.apache.catalina.core.ContainerBase.[Tomcat].[localhost].[/] 173 Initializing Spring embedded WebApplicationContext
2022-03-28 16:10:40.759 [main] INFO  org.springframework.boot.web.servlet.context.ServletWebServerApplicationContext 290 Root WebApplicationContext: initialization completed in 1906 ms
2022-03-28 16:10:41.367 [main] INFO  org.apache.coyote.http11.Http11NioProtocol 173 Starting ProtocolHandler ["http-nio-8080"]
2022-03-28 16:10:41.414 [main] INFO  org.springframework.boot.web.embedded.tomcat.TomcatWebServer 220 Tomcat started on port(s): 8080 (http) with context path ''
2022-03-28 16:10:41.445 [main] INFO  com.ldmzw.demo.log4j2.Application 61 Started Application in 3.447 seconds (JVM running for 5.68)
2022-03-28 16:10:49.208 [http-nio-8080-exec-1] INFO  org.apache.catalina.core.ContainerBase.[Tomcat].[localhost].[/] 173 Initializing Spring DispatcherServlet 'dispatcherServlet'
2022-03-28 16:10:49.209 [http-nio-8080-exec-1] INFO  org.springframework.web.servlet.DispatcherServlet 525 Initializing Servlet 'dispatcherServlet'
2022-03-28 16:10:49.211 [http-nio-8080-exec-1] INFO  org.springframework.web.servlet.DispatcherServlet 547 Completed initialization in 1 ms
2022-03-28 16:10:49.265 [http-nio-8080-exec-1] INFO  com.ldmzw.demo.log4j2.controller.TestController 68 level is: info
2022-03-28 16:10:49.266 [http-nio-8080-exec-1] WARN  com.ldmzw.demo.log4j2.controller.TestController 69 level is: warn
2022-03-28 16:10:49.268 [http-nio-8080-exec-1] ERROR com.ldmzw.demo.log4j2.controller.TestController 70 level is: error
2022-03-28 16:14:16.263 [http-nio-8080-exec-4] INFO  com.ldmzw.demo.log4j2.controller.TestController 31 修改日志等级：com.ldmzw.demo.log4j2 debug
2022-03-28 16:14:22.333 [http-nio-8080-exec-10] INFO  com.ldmzw.demo.log4j2.controller.TestController 68 level is: info
2022-03-28 16:14:22.333 [http-nio-8080-exec-10] WARN  com.ldmzw.demo.log4j2.controller.TestController 69 level is: warn
2022-03-28 16:14:22.333 [http-nio-8080-exec-10] ERROR com.ldmzw.demo.log4j2.controller.TestController 70 level is: error
2022-03-28 16:19:42.591 [http-nio-8080-exec-3] WARN  com.ldmzw.demo.log4j2.controller.TestController 69 level is: warn
2022-03-28 16:19:42.592 [http-nio-8080-exec-3] ERROR com.ldmzw.demo.log4j2.controller.TestController 70 level is: error
2022-03-28 16:20:06.705 [http-nio-8080-exec-7] WARN  com.ldmzw.demo.log4j2.controller.TestController 69 level is: warn
2022-03-28 16:20:06.705 [http-nio-8080-exec-7] ERROR com.ldmzw.demo.log4j2.controller.TestController 70 level is: error
