2022-03-28 14:23:54.541 [main] [INFO ] com.ldmzw.demo.logback.test.MTest-18 - level is: info
2022-03-28 14:23:54.556 [main] [WARN ] com.ldmzw.demo.logback.test.MTest-19 - level is: warn
2022-03-28 14:23:54.556 [main] [ERROR] com.ldmzw.demo.logback.test.MTest-20 - level is: error
2022-03-28 14:23:54.572 [main] [INFO ] com.ldmzw.demo.logback.test.MTest-34 - level is: info
2022-03-28 14:23:54.572 [main] [WARN ] com.ldmzw.demo.logback.test.MTest-35 - level is: warn
2022-03-28 14:23:54.572 [main] [ERROR] com.ldmzw.demo.logback.test.MTest-36 - level is: error
2022-03-28 14:24:22.206 [main] [INFO ] com.ldmzw.demo.logback.test.MTest-18 - level is: info
2022-03-28 14:24:22.206 [main] [WARN ] com.ldmzw.demo.logback.test.MTest-19 - level is: warn
2022-03-28 14:24:22.206 [main] [ERROR] com.ldmzw.demo.logback.test.MTest-20 - level is: error
2022-03-28 14:24:22.206 [main] [WARN ] com.ldmzw.demo.logback.test.MTest-35 - level is: warn
2022-03-28 14:24:22.206 [main] [ERROR] com.ldmzw.demo.logback.test.MTest-36 - level is: error
2022-03-28 14:24:57.163 [main] [INFO ] com.ldmzw.demo.logback.test.MTest-18 - level is: info
2022-03-28 14:24:57.163 [main] [WARN ] com.ldmzw.demo.logback.test.MTest-19 - level is: warn
2022-03-28 14:24:57.163 [main] [ERROR] com.ldmzw.demo.logback.test.MTest-20 - level is: error
2022-03-28 14:24:57.163 [main] [WARN ] com.ldmzw.demo.logback.test.MTest-35 - level is: warn
2022-03-28 14:24:57.163 [main] [ERROR] com.ldmzw.demo.logback.test.MTest-36 - level is: error
2022-03-28 14:25:45.415 [main] [INFO ] com.ldmzw.demo.logback.test.MTest-18 - level is: info
2022-03-28 14:25:45.415 [main] [WARN ] com.ldmzw.demo.logback.test.MTest-19 - level is: warn
2022-03-28 14:25:45.415 [main] [ERROR] com.ldmzw.demo.logback.test.MTest-20 - level is: error
2022-03-28 14:32:17.156 [main] [WARN ] com.ldmzw.demo.logback.test.MTest-35 - level is: warn
2022-03-28 14:32:17.156 [main] [ERROR] com.ldmzw.demo.logback.test.MTest-36 - level is: error
2022-03-28 14:33:50.230 [main] [INFO ] com.ldmzw.demo.logback.test.MTest-18 - level is: info
2022-03-28 14:33:50.246 [main] [WARN ] com.ldmzw.demo.logback.test.MTest-19 - level is: warn
2022-03-28 14:33:50.246 [main] [ERROR] com.ldmzw.demo.logback.test.MTest-20 - level is: error
2022-03-28 14:33:50.246 [main] [WARN ] com.ldmzw.demo.logback.test.MTest-35 - level is: warn
2022-03-28 14:33:50.246 [main] [ERROR] com.ldmzw.demo.logback.test.MTest-36 - level is: error
2022-03-28 14:34:20.081 [main] [INFO ] com.ldmzw.demo.logback.test.MTest-18 - level is: info
2022-03-28 14:34:20.081 [main] [WARN ] com.ldmzw.demo.logback.test.MTest-19 - level is: warn
2022-03-28 14:34:20.081 [main] [ERROR] com.ldmzw.demo.logback.test.MTest-20 - level is: error
2022-03-28 14:34:20.081 [main] [WARN ] com.ldmzw.demo.logback.test.MTest-35 - level is: warn
2022-03-28 14:34:20.081 [main] [ERROR] com.ldmzw.demo.logback.test.MTest-36 - level is: error
2022-03-28 14:34:20.081 [main] [WARN ] com.ldmzw.demo.logback.test.MTest-43 - level is: warn
2022-03-28 14:34:20.081 [main] [ERROR] com.ldmzw.demo.logback.test.MTest-44 - level is: error
2022-03-28 14:55:48.330 [main] [INFO ] com.ldmzw.demo.logback.test.MTest-18 - level is: info
2022-03-28 14:55:48.330 [main] [WARN ] com.ldmzw.demo.logback.test.MTest-19 - level is: warn
2022-03-28 14:55:48.330 [main] [ERROR] com.ldmzw.demo.logback.test.MTest-20 - level is: error
2022-03-28 14:55:48.330 [main] [WARN ] com.ldmzw.demo.logback.test.MTest-35 - level is: warn
2022-03-28 14:55:48.330 [main] [ERROR] com.ldmzw.demo.logback.test.MTest-36 - level is: error
2022-03-28 14:59:43.822 [main] [INFO ] com.ldmzw.demo.logback.test.MTest-18 - level is: info
2022-03-28 14:59:43.822 [main] [WARN ] com.ldmzw.demo.logback.test.MTest-19 - level is: warn
2022-03-28 14:59:43.822 [main] [ERROR] com.ldmzw.demo.logback.test.MTest-20 - level is: error
2022-03-28 14:59:43.822 [main] [WARN ] com.ldmzw.demo.logback.test.MTest-35 - level is: warn
2022-03-28 14:59:43.822 [main] [ERROR] com.ldmzw.demo.logback.test.MTest-36 - level is: error
2022-03-28 14:59:43.822 [main] [WARN ] com.ldmzw.demo.logback.test.MTest-43 - level is: warn
2022-03-28 14:59:43.822 [main] [ERROR] com.ldmzw.demo.logback.test.MTest-44 - level is: error
2022-03-28 16:30:48.347 [main] [INFO ] com.ldmzw.demo.logback.Application-55 - Starting Application using Java 1.8.0_144 on victor with PID 9312 (D:\victor\git\study\hexo\source\_posts\log-logback\code\target\classes started by Administrator in D:\victor\git\study\hexo\source\_posts\log-logback\code)
2022-03-28 16:30:48.378 [main] [INFO ] com.ldmzw.demo.logback.Application-640 - No active profile set, falling back to 1 default profile: "default"
2022-03-28 16:30:50.263 [main] [INFO ] o.s.b.w.e.tomcat.TomcatWebServer-108 - Tomcat initialized with port(s): 8080 (http)
2022-03-28 16:30:50.280 [main] [INFO ] o.a.coyote.http11.Http11NioProtocol-173 - Initializing ProtocolHandler ["http-nio-8080"]
2022-03-28 16:30:50.281 [main] [INFO ] o.a.catalina.core.StandardService-173 - Starting service [Tomcat]
2022-03-28 16:30:50.282 [main] [INFO ] o.a.catalina.core.StandardEngine-173 - Starting Servlet engine: [Apache Tomcat/9.0.58]
2022-03-28 16:30:50.456 [main] [INFO ] o.a.c.c.C.[Tomcat].[localhost].[/]-173 - Initializing Spring embedded WebApplicationContext
2022-03-28 16:30:50.457 [main] [INFO ] o.s.b.w.s.c.ServletWebServerApplicationContext-290 - Root WebApplicationContext: initialization completed in 1954 ms
2022-03-28 16:30:51.051 [main] [INFO ] o.a.coyote.http11.Http11NioProtocol-173 - Starting ProtocolHandler ["http-nio-8080"]
2022-03-28 16:30:51.098 [main] [INFO ] o.s.b.w.e.tomcat.TomcatWebServer-220 - Tomcat started on port(s): 8080 (http) with context path ''
2022-03-28 16:30:51.114 [main] [INFO ] com.ldmzw.demo.logback.Application-61 - Started Application in 8.11 seconds (JVM running for 9.807)
2022-03-28 16:31:33.586 [http-nio-8080-exec-1] [INFO ] o.a.c.c.C.[Tomcat].[localhost].[/]-173 - Initializing Spring DispatcherServlet 'dispatcherServlet'
2022-03-28 16:31:33.587 [http-nio-8080-exec-1] [INFO ] o.s.web.servlet.DispatcherServlet-525 - Initializing Servlet 'dispatcherServlet'
2022-03-28 16:31:33.590 [http-nio-8080-exec-1] [INFO ] o.s.web.servlet.DispatcherServlet-547 - Completed initialization in 3 ms
2022-03-28 16:31:33.657 [http-nio-8080-exec-1] [INFO ] c.l.d.l.controller.TestController-48 - level is: info
2022-03-28 16:31:33.658 [http-nio-8080-exec-1] [WARN ] c.l.d.l.controller.TestController-49 - level is: warn
2022-03-28 16:31:33.682 [http-nio-8080-exec-1] [ERROR] c.l.d.l.controller.TestController-50 - level is: error
2022-03-28 16:31:55.909 [http-nio-8080-exec-5] [INFO ] c.l.d.l.controller.TestController-26 - 修改日志等级：com.ldmzw.demo.log4j2 debug
2022-03-28 16:32:09.774 [http-nio-8080-exec-8] [INFO ] c.l.d.l.controller.TestController-26 - 修改日志等级：com.ldmzw.demo.logback debug
2022-03-28 16:32:21.211 [http-nio-8080-exec-6] [INFO ] c.l.d.l.controller.TestController-26 - 修改日志等级：com.ldmzw.demo.logback debug
2022-03-28 16:32:24.356 [http-nio-8080-exec-10] [INFO ] c.l.d.l.controller.TestController-48 - level is: info
2022-03-28 16:32:24.356 [http-nio-8080-exec-10] [WARN ] c.l.d.l.controller.TestController-49 - level is: warn
2022-03-28 16:32:24.356 [http-nio-8080-exec-10] [ERROR] c.l.d.l.controller.TestController-50 - level is: error
2022-03-28 16:33:00.993 [http-nio-8080-exec-4] [INFO ] c.l.d.l.controller.TestController-48 - level is: info
2022-03-28 16:33:00.994 [http-nio-8080-exec-4] [WARN ] c.l.d.l.controller.TestController-49 - level is: warn
2022-03-28 16:33:00.995 [http-nio-8080-exec-4] [ERROR] c.l.d.l.controller.TestController-50 - level is: error
2022-03-28 16:33:37.361 [main] [INFO ] com.ldmzw.demo.logback.Application-55 - Starting Application using Java 1.8.0_144 on victor with PID 8672 (D:\victor\git\study\hexo\source\_posts\log-logback\code\target\classes started by Administrator in D:\victor\git\study\hexo\source\_posts\log-logback\code)
2022-03-28 16:33:37.376 [main] [INFO ] com.ldmzw.demo.logback.Application-640 - No active profile set, falling back to 1 default profile: "default"
2022-03-28 16:33:39.450 [main] [INFO ] o.s.b.w.e.tomcat.TomcatWebServer-108 - Tomcat initialized with port(s): 8080 (http)
2022-03-28 16:33:39.470 [main] [INFO ] o.a.coyote.http11.Http11NioProtocol-173 - Initializing ProtocolHandler ["http-nio-8080"]
2022-03-28 16:33:39.470 [main] [INFO ] o.a.catalina.core.StandardService-173 - Starting service [Tomcat]
2022-03-28 16:33:39.480 [main] [INFO ] o.a.catalina.core.StandardEngine-173 - Starting Servlet engine: [Apache Tomcat/9.0.58]
2022-03-28 16:33:39.640 [main] [INFO ] o.a.c.c.C.[Tomcat].[localhost].[/]-173 - Initializing Spring embedded WebApplicationContext
2022-03-28 16:33:39.640 [main] [INFO ] o.s.b.w.s.c.ServletWebServerApplicationContext-290 - Root WebApplicationContext: initialization completed in 2139 ms
2022-03-28 16:33:40.276 [main] [INFO ] o.a.coyote.http11.Http11NioProtocol-173 - Starting ProtocolHandler ["http-nio-8080"]
2022-03-28 16:33:40.316 [main] [INFO ] o.s.b.w.e.tomcat.TomcatWebServer-220 - Tomcat started on port(s): 8080 (http) with context path ''
2022-03-28 16:33:40.336 [main] [INFO ] com.ldmzw.demo.logback.Application-61 - Started Application in 3.784 seconds (JVM running for 5.152)
