2022-03-29 10:55:18.749 [main] [INFO ] com.ldmzw.demo.logback.Application-55 - Starting Application using Java 1.8.0_144 on victor with PID 232 (D:\victor\git\study\hexo\source\_posts\log-logback\code\target\classes started by Administrator in D:\victor\git\study\hexo\source\_posts\log-logback\code)
2022-03-29 10:55:18.959 [main] [INFO ] com.ldmzw.demo.logback.Application-640 - No active profile set, falling back to 1 default profile: "default"
2022-03-29 10:55:27.575 [main] [INFO ] o.s.b.w.e.tomcat.TomcatWebServer-108 - Tomcat initialized with port(s): 8080 (http)
2022-03-29 10:55:27.789 [main] [INFO ] o.a.coyote.http11.Http11NioProtocol-173 - Initializing ProtocolHandler ["http-nio-8080"]
2022-03-29 10:55:27.790 [main] [INFO ] o.a.catalina.core.StandardService-173 - Starting service [Tomcat]
2022-03-29 10:55:27.791 [main] [INFO ] o.a.catalina.core.StandardEngine-173 - Starting Servlet engine: [Apache Tomcat/9.0.58]
2022-03-29 10:55:28.711 [main] [INFO ] o.a.c.c.C.[Tomcat].[localhost].[/]-173 - Initializing Spring embedded WebApplicationContext
2022-03-29 10:55:28.712 [main] [INFO ] o.s.b.w.s.c.ServletWebServerApplicationContext-290 - Root WebApplicationContext: initialization completed in 8956 ms
2022-03-29 10:55:30.270 [main] [INFO ] o.a.coyote.http11.Http11NioProtocol-173 - Starting ProtocolHandler ["http-nio-8080"]
2022-03-29 10:55:30.324 [main] [INFO ] o.s.b.w.e.tomcat.TomcatWebServer-220 - Tomcat started on port(s): 8080 (http) with context path ''
2022-03-29 10:55:30.370 [main] [INFO ] com.ldmzw.demo.logback.Application-61 - Started Application in 22.454 seconds (JVM running for 29.826)
2022-03-29 10:57:06.352 [http-nio-8080-exec-1] [INFO ] o.a.c.c.C.[Tomcat].[localhost].[/]-173 - Initializing Spring DispatcherServlet 'dispatcherServlet'
2022-03-29 10:57:06.353 [http-nio-8080-exec-1] [INFO ] o.s.web.servlet.DispatcherServlet-525 - Initializing Servlet 'dispatcherServlet'
2022-03-29 10:57:06.354 [http-nio-8080-exec-1] [INFO ] o.s.web.servlet.DispatcherServlet-547 - Completed initialization in 1 ms
2022-03-29 10:57:06.726 [http-nio-8080-exec-1] [INFO ] c.l.d.l.controller.TestController-49 - level is: info
2022-03-29 10:57:06.726 [http-nio-8080-exec-1] [WARN ] c.l.d.l.controller.TestController-50 - level is: warn
2022-03-29 10:57:06.730 [http-nio-8080-exec-1] [ERROR] c.l.d.l.controller.TestController-51 - level is: error
2022-03-29 10:57:47.105 [http-nio-8080-exec-3] [INFO ] c.l.d.l.controller.TestController-27 - 修改日志等级：com.ldmzw.demo.log4j2 debug
2022-03-29 10:57:50.316 [http-nio-8080-exec-4] [INFO ] c.l.d.l.controller.TestController-27 - 修改日志等级：com.ldmzw.demo.logback debug
2022-03-29 10:57:55.043 [http-nio-8080-exec-5] [INFO ] c.l.d.l.controller.TestController-49 - level is: info
2022-03-29 10:57:55.043 [http-nio-8080-exec-5] [WARN ] c.l.d.l.controller.TestController-50 - level is: warn
2022-03-29 10:57:55.048 [http-nio-8080-exec-5] [ERROR] c.l.d.l.controller.TestController-51 - level is: error
2022-03-29 10:58:32.025 [http-nio-8080-exec-8] [WARN ] c.l.d.l.controller.TestController-50 - level is: warn
2022-03-29 10:58:32.026 [http-nio-8080-exec-8] [ERROR] c.l.d.l.controller.TestController-51 - level is: error
2022-03-29 10:58:48.864 [http-nio-8080-exec-10] [WARN ] c.l.d.l.controller.TestController-50 - level is: warn
2022-03-29 10:58:48.865 [http-nio-8080-exec-10] [ERROR] c.l.d.l.controller.TestController-51 - level is: error
2022-03-29 10:59:17.714 [main] [INFO ] com.ldmzw.demo.logback.Application-55 - Starting Application using Java 1.8.0_144 on victor with PID 6560 (D:\victor\git\study\hexo\source\_posts\log-logback\code\target\classes started by Administrator in D:\victor\git\study\hexo\source\_posts\log-logback\code)
2022-03-29 10:59:17.724 [main] [INFO ] com.ldmzw.demo.logback.Application-640 - No active profile set, falling back to 1 default profile: "default"
2022-03-29 10:59:20.914 [main] [INFO ] o.s.b.w.e.tomcat.TomcatWebServer-108 - Tomcat initialized with port(s): 8080 (http)
2022-03-29 10:59:20.940 [main] [INFO ] o.a.coyote.http11.Http11NioProtocol-173 - Initializing ProtocolHandler ["http-nio-8080"]
2022-03-29 10:59:20.942 [main] [INFO ] o.a.catalina.core.StandardService-173 - Starting service [Tomcat]
2022-03-29 10:59:20.943 [main] [INFO ] o.a.catalina.core.StandardEngine-173 - Starting Servlet engine: [Apache Tomcat/9.0.58]
2022-03-29 10:59:21.169 [main] [INFO ] o.a.c.c.C.[Tomcat].[localhost].[/]-173 - Initializing Spring embedded WebApplicationContext
2022-03-29 10:59:21.170 [main] [INFO ] o.s.b.w.s.c.ServletWebServerApplicationContext-290 - Root WebApplicationContext: initialization completed in 3279 ms
2022-03-29 10:59:21.863 [main] [INFO ] o.a.coyote.http11.Http11NioProtocol-173 - Starting ProtocolHandler ["http-nio-8080"]
2022-03-29 10:59:21.900 [main] [INFO ] o.s.b.w.e.tomcat.TomcatWebServer-220 - Tomcat started on port(s): 8080 (http) with context path ''
2022-03-29 10:59:21.917 [main] [INFO ] com.ldmzw.demo.logback.Application-61 - Started Application in 5.04 seconds (JVM running for 6.62)
2022-03-29 10:59:35.262 [http-nio-8080-exec-1] [INFO ] o.a.c.c.C.[Tomcat].[localhost].[/]-173 - Initializing Spring DispatcherServlet 'dispatcherServlet'
2022-03-29 10:59:35.263 [http-nio-8080-exec-1] [INFO ] o.s.web.servlet.DispatcherServlet-525 - Initializing Servlet 'dispatcherServlet'
2022-03-29 10:59:35.265 [http-nio-8080-exec-1] [INFO ] o.s.web.servlet.DispatcherServlet-547 - Completed initialization in 1 ms
2022-03-29 10:59:35.319 [http-nio-8080-exec-1] [INFO ] c.l.d.l.controller.TestController-49 - level is: info
2022-03-29 10:59:35.319 [http-nio-8080-exec-1] [WARN ] c.l.d.l.controller.TestController-50 - level is: warn
2022-03-29 10:59:35.320 [http-nio-8080-exec-1] [ERROR] c.l.d.l.controller.TestController-51 - level is: error
2022-03-29 10:59:46.131 [http-nio-8080-exec-3] [ERROR] c.l.d.l.controller.TestController-27 - 修改日志等级：com.ldmzw.demo.logback info
2022-03-29 10:59:54.198 [http-nio-8080-exec-4] [INFO ] c.l.d.l.controller.TestController-49 - level is: info
2022-03-29 10:59:54.198 [http-nio-8080-exec-4] [WARN ] c.l.d.l.controller.TestController-50 - level is: warn
2022-03-29 10:59:54.199 [http-nio-8080-exec-4] [ERROR] c.l.d.l.controller.TestController-51 - level is: error
2022-03-29 11:00:05.926 [http-nio-8080-exec-5] [ERROR] c.l.d.l.controller.TestController-27 - 修改日志等级：com.ldmzw.demo.logback info
2022-03-29 11:00:11.155 [http-nio-8080-exec-7] [INFO ] c.l.d.l.controller.TestController-49 - level is: info
2022-03-29 11:00:11.156 [http-nio-8080-exec-7] [WARN ] c.l.d.l.controller.TestController-50 - level is: warn
2022-03-29 11:00:11.156 [http-nio-8080-exec-7] [ERROR] c.l.d.l.controller.TestController-51 - level is: error
2022-03-29 11:05:16.279 [http-nio-8080-exec-10] [ERROR] c.l.d.l.controller.TestController-27 - 修改日志等级：com.ldmzw.demo.logback info
2022-03-29 11:09:06.174 [http-nio-8080-exec-8] [ERROR] c.l.d.l.controller.TestController-27 - 修改日志等级：com.ldmzw.demo.logback.controller info
2022-03-29 11:09:22.231 [main] [INFO ] com.ldmzw.demo.logback.Application-55 - Starting Application using Java 1.8.0_144 on victor with PID 8896 (D:\victor\git\study\hexo\source\_posts\log-logback\code\target\classes started by Administrator in D:\victor\git\study\hexo\source\_posts\log-logback\code)
2022-03-29 11:09:22.238 [main] [INFO ] com.ldmzw.demo.logback.Application-640 - No active profile set, falling back to 1 default profile: "default"
2022-03-29 11:09:24.408 [main] [INFO ] o.s.b.w.e.tomcat.TomcatWebServer-108 - Tomcat initialized with port(s): 8080 (http)
2022-03-29 11:09:24.426 [main] [INFO ] o.a.coyote.http11.Http11NioProtocol-173 - Initializing ProtocolHandler ["http-nio-8080"]
2022-03-29 11:09:24.428 [main] [INFO ] o.a.catalina.core.StandardService-173 - Starting service [Tomcat]
2022-03-29 11:09:24.428 [main] [INFO ] o.a.catalina.core.StandardEngine-173 - Starting Servlet engine: [Apache Tomcat/9.0.58]
2022-03-29 11:09:24.584 [main] [INFO ] o.a.c.c.C.[Tomcat].[localhost].[/]-173 - Initializing Spring embedded WebApplicationContext
2022-03-29 11:09:24.585 [main] [INFO ] o.s.b.w.s.c.ServletWebServerApplicationContext-290 - Root WebApplicationContext: initialization completed in 2197 ms
2022-03-29 11:09:25.218 [main] [INFO ] o.a.coyote.http11.Http11NioProtocol-173 - Starting ProtocolHandler ["http-nio-8080"]
2022-03-29 11:09:25.256 [main] [INFO ] o.s.b.w.e.tomcat.TomcatWebServer-220 - Tomcat started on port(s): 8080 (http) with context path ''
2022-03-29 11:09:25.271 [main] [INFO ] com.ldmzw.demo.logback.Application-61 - Started Application in 3.764 seconds (JVM running for 8.133)
2022-03-29 11:10:21.482 [http-nio-8080-exec-1] [INFO ] o.a.c.c.C.[Tomcat].[localhost].[/]-173 - Initializing Spring DispatcherServlet 'dispatcherServlet'
2022-03-29 11:10:21.483 [http-nio-8080-exec-1] [INFO ] o.s.web.servlet.DispatcherServlet-525 - Initializing Servlet 'dispatcherServlet'
2022-03-29 11:10:21.484 [http-nio-8080-exec-1] [INFO ] o.s.web.servlet.DispatcherServlet-547 - Completed initialization in 1 ms
2022-03-29 11:10:24.858 [http-nio-8080-exec-1] [ERROR] c.l.d.l.controller.TestController-27 - 修改日志等级：com.ldmzw.demo.logback.controller info
